<?xml version="1.0" encoding="UTF-8"?>
<robot generator="Robot 3.1.2 (Python 3.7.3 on win32)" generated="20190805 17:04:36.968" rpa="false">
<suite id="s1" name="Remote-Power-Supply" source="c:\Projects\Github\RobotFwork\remote-power-supply.robot">
<test id="s1-t1" name="Turn on Power supply 2 remotely">
<kw name="${out}= RPS send commands SetPower 2 1">
<msg timestamp="20190805 17:04:37.066" level="FAIL">No keyword with name '${out}= RPS send commands SetPower 2 1' found.</msg>
<status status="FAIL" starttime="20190805 17:04:37.066" endtime="20190805 17:04:37.066"></status>
</kw>
<status status="FAIL" starttime="20190805 17:04:37.060" endtime="20190805 17:04:37.067" critical="yes">No keyword with name '${out}= RPS send commands SetPower 2 1' found.</status>
</test>
<test id="s1-t2" name="Verify power supply 2 is on">
<kw name="${out}= RPS get power GetPower">
<msg timestamp="20190805 17:04:37.077" level="FAIL">No keyword with name '${out}= RPS get power GetPower' found.</msg>
<status status="FAIL" starttime="20190805 17:04:37.077" endtime="20190805 17:04:37.078"></status>
</kw>
<status status="FAIL" starttime="20190805 17:04:37.072" endtime="20190805 17:04:37.079" critical="yes">No keyword with name '${out}= RPS get power GetPower' found.</status>
</test>
<test id="s1-t3" name="Turn off Power supply 2 remotely">
<kw name="${out}= RPS send commands SetPower 2 0">
<msg timestamp="20190805 17:04:37.088" level="FAIL">No keyword with name '${out}= RPS send commands SetPower 2 0' found.</msg>
<status status="FAIL" starttime="20190805 17:04:37.087" endtime="20190805 17:04:37.088"></status>
</kw>
<status status="FAIL" starttime="20190805 17:04:37.083" endtime="20190805 17:04:37.089" critical="yes">No keyword with name '${out}= RPS send commands SetPower 2 0' found.</status>
</test>
<test id="s1-t4" name="Verify power supply 2 is off">
<kw name="${out}= RPS get power GetPower">
<msg timestamp="20190805 17:04:37.098" level="FAIL">No keyword with name '${out}= RPS get power GetPower' found.</msg>
<status status="FAIL" starttime="20190805 17:04:37.098" endtime="20190805 17:04:37.098"></status>
</kw>
<status status="FAIL" starttime="20190805 17:04:37.093" endtime="20190805 17:04:37.099" critical="yes">No keyword with name '${out}= RPS get power GetPower' found.</status>
</test>
<status status="FAIL" starttime="20190805 17:04:36.973" endtime="20190805 17:04:37.104"></status>
</suite>
<statistics>
<total>
<stat pass="0" fail="4">Critical Tests</stat>
<stat pass="0" fail="4">All Tests</stat>
</total>
<tag>
</tag>
<suite>
<stat pass="0" fail="4" id="s1" name="Remote-Power-Supply">Remote-Power-Supply</stat>
</suite>
</statistics>
<errors>
<msg timestamp="20190805 17:04:36.946" level="ERROR">Error in file 'c:\Projects\Github\RobotFwork\remote-power-supply.robot': Non-existing setting 'Library commands.py'.</msg>
</errors>
</robot>
